[0m21:24:21.497123 [debug] [MainThread]: Sending event: {'category': 'dbt', 'action': 'invocation', 'label': 'start', 'context': [<snowplow_tracker.self_describing_json.SelfDescribingJson object at 0x00000256A625DA80>, <snowplow_tracker.self_describing_json.SelfDescribingJson object at 0x00000256A65E6F20>, <snowplow_tracker.self_describing_json.SelfDescribingJson object at 0x00000256A653DDB0>]}


============================== 21:24:21.501174 | 8e0eaf41-9f8a-403b-85e2-d9d97320d99a ==============================
[0m21:24:21.501174 [info ] [MainThread]: Running with dbt=1.10.4
[0m21:24:21.502199 [debug] [MainThread]: running dbt with arguments {'printer_width': '80', 'indirect_selection': 'eager', 'log_cache_events': 'False', 'write_json': 'True', 'partial_parse': 'True', 'cache_selected_only': 'False', 'warn_error': 'None', 'version_check': 'True', 'fail_fast': 'False', 'log_path': 'logs', 'debug': 'False', 'profiles_dir': 'C:\\Users\\subha\\.dbt', 'use_colors': 'True', 'use_experimental_parser': 'False', 'empty': 'None', 'quiet': 'False', 'no_print': 'None', 'warn_error_options': 'WarnErrorOptionsV2(error=[], warn=[], silence=[])', 'invocation_command': 'dbt init', 'log_format': 'default', 'introspect': 'True', 'target_path': 'None', 'static_parser': 'True', 'send_anonymous_usage_stats': 'True'}
[0m21:24:28.346354 [debug] [MainThread]: Starter project path: C:\Users\subha\AppData\Local\Programs\Python\Python310\lib\site-packages\dbt\include\starter_project
[0m21:24:28.366965 [info ] [MainThread]: 
Your new dbt project "Insurance" was created!

For more information on how to configure the profiles.yml file,
please consult the dbt documentation here:

  https://docs.getdbt.com/docs/configure-your-profile

One more thing:

Need help? Don't hesitate to reach out to us via GitHub issues or on Slack:

  https://community.getdbt.com/

Happy modeling!

[0m21:24:28.368425 [info ] [MainThread]: Setting up your profile.
[0m21:25:52.552014 [info ] [MainThread]: Profile Insurance written to C:\Users\subha\.dbt\profiles.yml using target's profile_template.yml and your supplied values. Run 'dbt debug' to validate the connection.
[0m21:25:52.556172 [debug] [MainThread]: Command `dbt init` succeeded at 21:25:52.556172 after 92.90 seconds
[0m21:25:52.557168 [debug] [MainThread]: Sending event: {'category': 'dbt', 'action': 'invocation', 'label': 'end', 'context': [<snowplow_tracker.self_describing_json.SelfDescribingJson object at 0x00000256A625DA80>, <snowplow_tracker.self_describing_json.SelfDescribingJson object at 0x00000256A65E6F20>, <snowplow_tracker.self_describing_json.SelfDescribingJson object at 0x00000256A74C1FC0>]}
[0m21:25:52.559692 [debug] [MainThread]: Flushing usage events
[0m21:25:53.606907 [debug] [MainThread]: An error was encountered while trying to flush usage events
